mode: atomic
github.com/arctheowl/GoDeck/deck.go:27.17,32.34 3 5
github.com/arctheowl/GoDeck/deck.go:62.2,63.10 2 5
github.com/arctheowl/GoDeck/deck.go:32.34,34.15 1 20
github.com/arctheowl/GoDeck/deck.go:35.10,36.40 1 5
github.com/arctheowl/GoDeck/deck.go:41.10,42.40 1 5
github.com/arctheowl/GoDeck/deck.go:47.10,48.40 1 5
github.com/arctheowl/GoDeck/deck.go:53.10,54.40 1 5
github.com/arctheowl/GoDeck/deck.go:36.40,40.5 3 65
github.com/arctheowl/GoDeck/deck.go:42.40,46.5 3 65
github.com/arctheowl/GoDeck/deck.go:48.40,52.5 3 65
github.com/arctheowl/GoDeck/deck.go:54.40,58.5 3 65
github.com/arctheowl/GoDeck/deck.go:67.30,69.44 2 6
github.com/arctheowl/GoDeck/deck.go:71.2,71.10 1 6
github.com/arctheowl/GoDeck/deck.go:69.44,69.95 1 306
github.com/arctheowl/GoDeck/deck.go:75.34,80.2 3 1
github.com/arctheowl/GoDeck/deck.go:83.41,88.2 3 1
github.com/arctheowl/GoDeck/deck.go:92.46,95.27 2 0
github.com/arctheowl/GoDeck/deck.go:98.2,100.17 2 0
github.com/arctheowl/GoDeck/deck.go:95.27,97.3 1 0
